<?xml version="1.0" encoding="UTF-8"?>
<!-- Generated by org.testng.reporters.JUnitReportReporter -->
<testsuite skipped="0" hostname="DESKTOP-EOL8KEU" name="TestNG.Activity1" tests="1" failures="0" timestamp="2020-07-07T10:13:29 IST" time="30.425" errors="0">
  <testcase name="exampleTestCase" time="30.425" classname="TestNG.Activity1"/>
</testsuite> <!-- TestNG.Activity1 -->
