<?xml version="1.0" encoding="UTF-8"?>
<!-- Generated by org.testng.reporters.JUnitReportReporter -->
<testsuite skipped="0" hostname="DESKTOP-EOL8KEU" name="TestNG.Activity6" tests="1" failures="0" timestamp="2020-07-08T18:45:34 IST" time="1.146" errors="0">
  <testcase name="loginTestCase" time="1.146" classname="TestNG.Activity6"/>
</testsuite> <!-- TestNG.Activity6 -->
