<?xml version="1.0" encoding="UTF-8"?>
<!-- Generated by org.testng.reporters.JUnitReportReporter -->
<testsuite skipped="0" hostname="DESKTOP-EOL8KEU" name="TestNG.Activity7" tests="1" failures="0" timestamp="2020-07-08T18:51:22 IST" time="3.284" errors="0">
  <testcase name="loginTestCase" time="3.284" classname="TestNG.Activity7"/>
</testsuite> <!-- TestNG.Activity7 -->
