<?xml version="1.0" encoding="UTF-8"?>
<!-- Generated by org.testng.reporters.JUnitReportReporter -->
<testsuite skipped="0" hostname="DESKTOP-EOL8KEU" name="TestNG.Activity3" tests="1" failures="0" timestamp="2020-07-08T10:48:09 IST" time="0.693" errors="0">
  <testcase name="loginTest" time="0.693" classname="TestNG.Activity3"/>
</testsuite> <!-- TestNG.Activity3 -->
