<?xml version="1.0" encoding="UTF-8"?>
<!-- Generated by org.testng.reporters.JUnitReportReporter -->
<testsuite skipped="0" hostname="DESKTOP-EOL8KEU" name="TestNG.Activity5" tests="5" failures="0" timestamp="2020-07-08T18:32:03 IST" time="0.756" errors="0">
  <testcase name="HeaderTest1" time="0.103" classname="TestNG.Activity5"/>
  <testcase name="HeaderTest2" time="0.110" classname="TestNG.Activity5"/>
  <testcase name="pageTitleTest" time="0.302" classname="TestNG.Activity5"/>
  <testcase name="ButtonTest1" time="0.183" classname="TestNG.Activity5"/>
  <testcase name="ButtonTest2" time="0.058" classname="TestNG.Activity5"/>
</testsuite> <!-- TestNG.Activity5 -->
