<?xml version="1.0" encoding="UTF-8"?>
<!-- Generated by org.testng.reporters.JUnitReportReporter -->
<testsuite skipped="0" hostname="DESKTOP-EOL8KEU" name="Live_Project.TestCase_4" tests="1" failures="0" timestamp="2020-07-09T09:56:53 IST" time="63.499" errors="0">
  <testcase name="TestCase4" time="63.499" classname="Live_Project.TestCase_4"/>
</testsuite> <!-- Live_Project.TestCase_4 -->
