<?xml version="1.0" encoding="UTF-8"?>
<!-- Generated by org.testng.reporters.JUnitReportReporter -->
<testsuite skipped="0" hostname="DESKTOP-EOL8KEU" name="Live_Project.TestCase_9" tests="1" failures="0" timestamp="2020-07-09T09:57:52 IST" time="33.991" errors="0">
  <testcase name="TestCase9" time="33.991" classname="Live_Project.TestCase_9"/>
</testsuite> <!-- Live_Project.TestCase_9 -->
