<?xml version="1.0" encoding="UTF-8"?>
<!-- Generated by org.testng.reporters.JUnitReportReporter -->
<testsuite skipped="0" hostname="DESKTOP-EOL8KEU" name="Live_Project.TestCase_2" tests="1" failures="0" timestamp="2020-07-09T09:56:53 IST" time="73.001" errors="0">
  <testcase name="TestCase2" time="73.001" classname="Live_Project.TestCase_2"/>
</testsuite> <!-- Live_Project.TestCase_2 -->
