<?xml version="1.0" encoding="UTF-8"?>
<!-- Generated by org.testng.reporters.JUnitReportReporter -->
<testsuite skipped="0" hostname="DESKTOP-EOL8KEU" name="Live_Project.TestCase_7" tests="1" failures="0" timestamp="2020-07-09T09:56:53 IST" time="47.029" errors="0">
  <testcase name="TestCase7" time="47.029" classname="Live_Project.TestCase_7"/>
</testsuite> <!-- Live_Project.TestCase_7 -->
