<?xml version="1.0" encoding="UTF-8"?>
<!-- Generated by org.testng.reporters.JUnitReportReporter -->
<testsuite skipped="0" hostname="DESKTOP-EOL8KEU" name="Live_Project.TestCase_3" tests="1" failures="0" timestamp="2020-07-09T09:56:53 IST" time="96.592" errors="0">
  <testcase name="TestCase3" time="96.592" classname="Live_Project.TestCase_3"/>
</testsuite> <!-- Live_Project.TestCase_3 -->
