<?xml version="1.0" encoding="UTF-8"?>
<!-- Generated by org.testng.reporters.JUnitReportReporter -->
<testsuite skipped="0" hostname="DESKTOP-EOL8KEU" name="Live_Project.TestCase_5" tests="1" failures="0" timestamp="2020-07-09T09:56:53 IST" time="89.782" errors="0">
  <testcase name="TestCase5" time="89.782" classname="Live_Project.TestCase_5"/>
</testsuite> <!-- Live_Project.TestCase_5 -->
