<?xml version="1.0" encoding="UTF-8"?>
<!-- Generated by org.testng.reporters.JUnitReportReporter -->
<testsuite skipped="0" hostname="DESKTOP-EOL8KEU" name="Live_Project.TestCase_8" tests="1" failures="0" timestamp="2020-07-09T09:56:53 IST" time="40.448" errors="0">
  <testcase name="TestCase8" time="40.448" classname="Live_Project.TestCase_8"/>
</testsuite> <!-- Live_Project.TestCase_8 -->
